-------------------------------------------------------------------------------
Test set: io.quarkus.workshop.superheroes.villain.VillainResourceTest
-------------------------------------------------------------------------------
Tests run: 13, Failures: 8, Errors: 3, Skipped: 0, Time elapsed: 12.586 s <<< FAILURE! - in io.quarkus.workshop.superheroes.villain.VillainResourceTest
shouldGetInitialItems  Time elapsed: 0.014 s  <<< ERROR!
org.junit.jupiter.api.extension.TestInstantiationException: TestInstanceFactory [io.quarkus.test.junit.QuarkusTestExtension] failed to instantiate test class [io.quarkus.workshop.superheroes.villain.VillainResourceTest]: Unable to start Quarkus test resource io.quarkus.workshop.superheroes.villain.DatabaseResource@c96a4ea
Caused by: java.lang.RuntimeException: Unable to start Quarkus test resource io.quarkus.workshop.superheroes.villain.DatabaseResource@c96a4ea
Caused by: org.testcontainers.containers.ContainerLaunchException: Container startup failed
Caused by: org.testcontainers.containers.ContainerFetchException: Can't get Docker image: RemoteDockerImage(imageNameFuture=java.util.concurrent.CompletableFuture@39ce27f2[Completed normally], imagePullPolicy=DefaultPullPolicy(), dockerClient=LazyDockerClient.INSTANCE)
Caused by: java.lang.IllegalStateException: Could not find a valid Docker environment. Please see logs and check configuration

shouldAddAnItem  Time elapsed: 1.367 s  <<< FAILURE!
java.lang.AssertionError: 
1 expectation failed.
Expected status code <201> but was <404>.

	at io.quarkus.workshop.superheroes.villain.VillainResourceTest.shouldAddAnItem(VillainResourceTest.java:164)

testUpdatingAnItem  Time elapsed: 0.001 s  <<< ERROR!
java.lang.NumberFormatException: null
	at io.quarkus.workshop.superheroes.villain.VillainResourceTest.testUpdatingAnItem(VillainResourceTest.java:196)

shouldRemoveAnItem  Time elapsed: 0.003 s  <<< ERROR!
java.lang.IllegalArgumentException: parameterValue cannot be null
	at io.quarkus.workshop.superheroes.villain.VillainResourceTest.shouldRemoveAnItem(VillainResourceTest.java:229)

shouldGetRandomVillain  Time elapsed: 0.04 s  <<< FAILURE!
java.lang.AssertionError: 
1 expectation failed.
Expected status code <200> but was <404>.

	at io.quarkus.workshop.superheroes.villain.VillainResourceTest.shouldGetRandomVillain(VillainResourceTest.java:114)

shouldPingMetrics  Time elapsed: 0.028 s  <<< FAILURE!
java.lang.AssertionError: 
1 expectation failed.
Expected status code <200> but was <204>.

	at io.quarkus.workshop.superheroes.villain.VillainResourceTest.shouldPingMetrics(VillainResourceTest.java:86)

shouldPingReadiness  Time elapsed: 0.068 s  <<< FAILURE!
java.lang.AssertionError: 
1 expectation failed.
Expected status code <200> but was <503>.

	at io.quarkus.workshop.superheroes.villain.VillainResourceTest.shouldPingReadiness(VillainResourceTest.java:75)

shouldNotAddInvalidItem  Time elapsed: 0.024 s  <<< FAILURE!
java.lang.AssertionError: 
1 expectation failed.
Expected status code <400> but was <404>.

	at io.quarkus.workshop.superheroes.villain.VillainResourceTest.shouldNotAddInvalidItem(VillainResourceTest.java:134)

shouldPingLiveness  Time elapsed: 0.017 s  <<< FAILURE!
java.lang.AssertionError: 
1 expectation failed.
Expected status code <200> but was <503>.

	at io.quarkus.workshop.superheroes.villain.VillainResourceTest.shouldPingLiveness(VillainResourceTest.java:67)

shouldNotGetUnknownVillain  Time elapsed: 0.052 s  <<< FAILURE!
java.lang.AssertionError: 
1 expectation failed.
Expected status code <204> but was <404>.

	at io.quarkus.workshop.superheroes.villain.VillainResourceTest.shouldNotGetUnknownVillain(VillainResourceTest.java:106)

testHelloEndpoint  Time elapsed: 0.028 s  <<< FAILURE!
java.lang.AssertionError: 
1 expectation failed.
Expected status code <200> but was <404>.

	at io.quarkus.workshop.superheroes.villain.VillainResourceTest.testHelloEndpoint(VillainResourceTest.java:95)

