<?xml version="1.0" encoding="UTF-8"?>
<testsuite xmlns:xsi="http://www.w3.org/2001/XMLSchema-instance" xsi:noNamespaceSchemaLocation="https://maven.apache.org/surefire/maven-surefire-plugin/xsd/surefire-test-report.xsd" name="io.quarkus.workshop.superheroes.villain.VillainResourceTest" time="12.586" tests="13" errors="3" skipped="0" failures="8">
  <properties>
[...]
</properties>
  <testcase name="shouldGetInitialItems" classname="io.quarkus.workshop.superheroes.villain.VillainResourceTest" time="0.014">
    <error message="TestInstanceFactory [io.quarkus.test.junit.QuarkusTestExtension] failed to instantiate test class [io.quarkus.workshop.superheroes.villain.VillainResourceTest]: Unable to start Quarkus test resource io.quarkus.workshop.superheroes.villain.DatabaseResource@c96a4ea" type="org.junit.jupiter.api.extension.TestInstantiationException">org.junit.jupiter.api.extension.TestInstantiationException: TestInstanceFactory [io.quarkus.test.junit.QuarkusTestExtension] failed to instantiate test class [io.quarkus.workshop.superheroes.villain.VillainResourceTest]: Unable to start Quarkus test resource io.quarkus.workshop.superheroes.villain.DatabaseResource@c96a4ea
Caused by: java.lang.RuntimeException: Unable to start Quarkus test resource io.quarkus.workshop.superheroes.villain.DatabaseResource@c96a4ea
Caused by: org.testcontainers.containers.ContainerLaunchException: Container startup failed
Caused by: org.testcontainers.containers.ContainerFetchException: Can't get Docker image: RemoteDockerImage(imageNameFuture=java.util.concurrent.CompletableFuture@39ce27f2[Completed normally], imagePullPolicy=DefaultPullPolicy(), dockerClient=LazyDockerClient.INSTANCE)
Caused by: java.lang.IllegalStateException: Could not find a valid Docker environment. Please see logs and check configuration
</error>
  </testcase>
  <testcase name="shouldAddAnItem" classname="io.quarkus.workshop.superheroes.villain.VillainResourceTest" time="1.367">
    <failure message="1 expectation failed.&#10;Expected status code &lt;201&gt; but was &lt;404&gt;.&#10;" type="java.lang.AssertionError"><![CDATA[java.lang.AssertionError: 
1 expectation failed.
Expected status code <201> but was <404>.

	at io.quarkus.workshop.superheroes.villain.VillainResourceTest.shouldAddAnItem(VillainResourceTest.java:164)
]]></failure>
  </testcase>
  <testcase name="testUpdatingAnItem" classname="io.quarkus.workshop.superheroes.villain.VillainResourceTest" time="0.001">
    <error type="java.lang.NumberFormatException:">java.lang.NumberFormatException: null
	at io.quarkus.workshop.superheroes.villain.VillainResourceTest.testUpdatingAnItem(VillainResourceTest.java:196)
</error>
  </testcase>
  <testcase name="shouldRemoveAnItem" classname="io.quarkus.workshop.superheroes.villain.VillainResourceTest" time="0.003">
    <error message="parameterValue cannot be null" type="java.lang.IllegalArgumentException">java.lang.IllegalArgumentException: parameterValue cannot be null
	at io.quarkus.workshop.superheroes.villain.VillainResourceTest.shouldRemoveAnItem(VillainResourceTest.java:229)
</error>
  </testcase>
  <testcase name="shouldGetRandomVillain" classname="io.quarkus.workshop.superheroes.villain.VillainResourceTest" time="0.04">
    <failure message="1 expectation failed.&#10;Expected status code &lt;200&gt; but was &lt;404&gt;.&#10;" type="java.lang.AssertionError"><![CDATA[java.lang.AssertionError: 
1 expectation failed.
Expected status code <200> but was <404>.

	at io.quarkus.workshop.superheroes.villain.VillainResourceTest.shouldGetRandomVillain(VillainResourceTest.java:114)
]]></failure>
  </testcase>
  <testcase name="shouldPingSwaggerUI" classname="io.quarkus.workshop.superheroes.villain.VillainResourceTest" time="0.04"/>
  <testcase name="shouldPingMetrics" classname="io.quarkus.workshop.superheroes.villain.VillainResourceTest" time="0.028">
    <failure message="1 expectation failed.&#10;Expected status code &lt;200&gt; but was &lt;204&gt;.&#10;" type="java.lang.AssertionError"><![CDATA[java.lang.AssertionError: 
1 expectation failed.
Expected status code <200> but was <204>.

	at io.quarkus.workshop.superheroes.villain.VillainResourceTest.shouldPingMetrics(VillainResourceTest.java:86)
]]></failure>
  </testcase>
  <testcase name="shouldPingReadiness" classname="io.quarkus.workshop.superheroes.villain.VillainResourceTest" time="0.068">
    <failure message="1 expectation failed.&#10;Expected status code &lt;200&gt; but was &lt;503&gt;.&#10;" type="java.lang.AssertionError"><![CDATA[java.lang.AssertionError: 
1 expectation failed.
Expected status code <200> but was <503>.

	at io.quarkus.workshop.superheroes.villain.VillainResourceTest.shouldPingReadiness(VillainResourceTest.java:75)
]]></failure>
  </testcase>
  <testcase name="shouldNotAddInvalidItem" classname="io.quarkus.workshop.superheroes.villain.VillainResourceTest" time="0.024">
    <failure message="1 expectation failed.&#10;Expected status code &lt;400&gt; but was &lt;404&gt;.&#10;" type="java.lang.AssertionError"><![CDATA[java.lang.AssertionError: 
1 expectation failed.
Expected status code <400> but was <404>.

	at io.quarkus.workshop.superheroes.villain.VillainResourceTest.shouldNotAddInvalidItem(VillainResourceTest.java:134)
]]></failure>
  </testcase>
  <testcase name="shouldPingLiveness" classname="io.quarkus.workshop.superheroes.villain.VillainResourceTest" time="0.017">
    <failure message="1 expectation failed.&#10;Expected status code &lt;200&gt; but was &lt;503&gt;.&#10;" type="java.lang.AssertionError"><![CDATA[java.lang.AssertionError: 
1 expectation failed.
Expected status code <200> but was <503>.

	at io.quarkus.workshop.superheroes.villain.VillainResourceTest.shouldPingLiveness(VillainResourceTest.java:67)
]]></failure>
  </testcase>
  <testcase name="shouldNotGetUnknownVillain" classname="io.quarkus.workshop.superheroes.villain.VillainResourceTest" time="0.052">
    <failure message="1 expectation failed.&#10;Expected status code &lt;204&gt; but was &lt;404&gt;.&#10;" type="java.lang.AssertionError"><![CDATA[java.lang.AssertionError: 
1 expectation failed.
Expected status code <204> but was <404>.

	at io.quarkus.workshop.superheroes.villain.VillainResourceTest.shouldNotGetUnknownVillain(VillainResourceTest.java:106)
]]></failure>
  </testcase>
  <testcase name="testHelloEndpoint" classname="io.quarkus.workshop.superheroes.villain.VillainResourceTest" time="0.028">
    <failure message="1 expectation failed.&#10;Expected status code &lt;200&gt; but was &lt;404&gt;.&#10;" type="java.lang.AssertionError"><![CDATA[java.lang.AssertionError: 
1 expectation failed.
Expected status code <200> but was <404>.

	at io.quarkus.workshop.superheroes.villain.VillainResourceTest.testHelloEndpoint(VillainResourceTest.java:95)
]]></failure>
  </testcase>
  <testcase name="shouldPingOpenAPI" classname="io.quarkus.workshop.superheroes.villain.VillainResourceTest" time="0.18"/>
</testsuite>