-------------------------------------------------------------------------------
Test set: org.tuv01.GreetingResourceTest
-------------------------------------------------------------------------------
Tests run: 2, Failures: 0, Errors: 1, Skipped: 1, Time elapsed: 2.737 s <<< FAILURE! - in org.tuv01.GreetingResourceTest
org.tuv01.GreetingResourceTest.testHelloEndpoint  Time elapsed: 0.012 s  <<< ERROR!
java.lang.RuntimeException: 
java.lang.RuntimeException: io.quarkus.builder.BuildException: Build failure: Build failed due to errors
	[error]: Build step io.quarkus.arc.deployment.ArcProcessor#registerBeans threw an exception: javax.enterprise.inject.spi.DefinitionException: Field org.greeting.GreetingService org.tuv01.GreetingResourceTest.greetingService of class org.tuv01.GreetingResourceTest is not a producer field, but is annotated with a stereotype: io.quarkus.test.Mock
	at io.quarkus.arc.processor.BeanDeployment.findBeans(BeanDeployment.java:791)
	at io.quarkus.arc.processor.BeanDeployment.registerBeans(BeanDeployment.java:208)
	at io.quarkus.arc.processor.BeanProcessor.registerBeans(BeanProcessor.java:110)
	at io.quarkus.arc.deployment.ArcProcessor.registerBeans(ArcProcessor.java:361)
	at java.base/jdk.internal.reflect.NativeMethodAccessorImpl.invoke0(Native Method)
	at java.base/jdk.internal.reflect.NativeMethodAccessorImpl.invoke(NativeMethodAccessorImpl.java:62)
	at java.base/jdk.internal.reflect.DelegatingMethodAccessorImpl.invoke(DelegatingMethodAccessorImpl.java:43)
	at java.base/java.lang.reflect.Method.invoke(Method.java:566)
	at io.quarkus.deployment.ExtensionLoader$2.execute(ExtensionLoader.java:936)
	at io.quarkus.builder.BuildContext.run(BuildContext.java:277)
	at org.jboss.threads.ContextClassLoaderSavingRunnable.run(ContextClassLoaderSavingRunnable.java:35)
	at org.jboss.threads.EnhancedQueueExecutor.safeRun(EnhancedQueueExecutor.java:2046)
	at org.jboss.threads.EnhancedQueueExecutor$ThreadBody.doRunTask(EnhancedQueueExecutor.java:1578)
	at org.jboss.threads.EnhancedQueueExecutor$ThreadBody.run(EnhancedQueueExecutor.java:1452)
	at java.base/java.lang.Thread.run(Thread.java:834)
	at org.jboss.threads.JBossThread.run(JBossThread.java:479)

Caused by: java.lang.RuntimeException: 
io.quarkus.builder.BuildException: Build failure: Build failed due to errors
	[error]: Build step io.quarkus.arc.deployment.ArcProcessor#registerBeans threw an exception: javax.enterprise.inject.spi.DefinitionException: Field org.greeting.GreetingService org.tuv01.GreetingResourceTest.greetingService of class org.tuv01.GreetingResourceTest is not a producer field, but is annotated with a stereotype: io.quarkus.test.Mock
	at io.quarkus.arc.processor.BeanDeployment.findBeans(BeanDeployment.java:791)
	at io.quarkus.arc.processor.BeanDeployment.registerBeans(BeanDeployment.java:208)
	at io.quarkus.arc.processor.BeanProcessor.registerBeans(BeanProcessor.java:110)
	at io.quarkus.arc.deployment.ArcProcessor.registerBeans(ArcProcessor.java:361)
	at java.base/jdk.internal.reflect.NativeMethodAccessorImpl.invoke0(Native Method)
	at java.base/jdk.internal.reflect.NativeMethodAccessorImpl.invoke(NativeMethodAccessorImpl.java:62)
	at java.base/jdk.internal.reflect.DelegatingMethodAccessorImpl.invoke(DelegatingMethodAccessorImpl.java:43)
	at java.base/java.lang.reflect.Method.invoke(Method.java:566)
	at io.quarkus.deployment.ExtensionLoader$2.execute(ExtensionLoader.java:936)
	at io.quarkus.builder.BuildContext.run(BuildContext.java:277)
	at org.jboss.threads.ContextClassLoaderSavingRunnable.run(ContextClassLoaderSavingRunnable.java:35)
	at org.jboss.threads.EnhancedQueueExecutor.safeRun(EnhancedQueueExecutor.java:2046)
	at org.jboss.threads.EnhancedQueueExecutor$ThreadBody.doRunTask(EnhancedQueueExecutor.java:1578)
	at org.jboss.threads.EnhancedQueueExecutor$ThreadBody.run(EnhancedQueueExecutor.java:1452)
	at java.base/java.lang.Thread.run(Thread.java:834)
	at org.jboss.threads.JBossThread.run(JBossThread.java:479)

Caused by: io.quarkus.builder.BuildException: 
Build failure: Build failed due to errors
	[error]: Build step io.quarkus.arc.deployment.ArcProcessor#registerBeans threw an exception: javax.enterprise.inject.spi.DefinitionException: Field org.greeting.GreetingService org.tuv01.GreetingResourceTest.greetingService of class org.tuv01.GreetingResourceTest is not a producer field, but is annotated with a stereotype: io.quarkus.test.Mock
	at io.quarkus.arc.processor.BeanDeployment.findBeans(BeanDeployment.java:791)
	at io.quarkus.arc.processor.BeanDeployment.registerBeans(BeanDeployment.java:208)
	at io.quarkus.arc.processor.BeanProcessor.registerBeans(BeanProcessor.java:110)
	at io.quarkus.arc.deployment.ArcProcessor.registerBeans(ArcProcessor.java:361)
	at java.base/jdk.internal.reflect.NativeMethodAccessorImpl.invoke0(Native Method)
	at java.base/jdk.internal.reflect.NativeMethodAccessorImpl.invoke(NativeMethodAccessorImpl.java:62)
	at java.base/jdk.internal.reflect.DelegatingMethodAccessorImpl.invoke(DelegatingMethodAccessorImpl.java:43)
	at java.base/java.lang.reflect.Method.invoke(Method.java:566)
	at io.quarkus.deployment.ExtensionLoader$2.execute(ExtensionLoader.java:936)
	at io.quarkus.builder.BuildContext.run(BuildContext.java:277)
	at org.jboss.threads.ContextClassLoaderSavingRunnable.run(ContextClassLoaderSavingRunnable.java:35)
	at org.jboss.threads.EnhancedQueueExecutor.safeRun(EnhancedQueueExecutor.java:2046)
	at org.jboss.threads.EnhancedQueueExecutor$ThreadBody.doRunTask(EnhancedQueueExecutor.java:1578)
	at org.jboss.threads.EnhancedQueueExecutor$ThreadBody.run(EnhancedQueueExecutor.java:1452)
	at java.base/java.lang.Thread.run(Thread.java:834)
	at org.jboss.threads.JBossThread.run(JBossThread.java:479)

Caused by: javax.enterprise.inject.spi.DefinitionException: Field org.greeting.GreetingService org.tuv01.GreetingResourceTest.greetingService of class org.tuv01.GreetingResourceTest is not a producer field, but is annotated with a stereotype: io.quarkus.test.Mock

